<?xml version="1.0" encoding="UTF-8"?>
<!-- Generated by org.testng.reporters.JUnitReportReporter -->
<testsuite hostname="RK-PRASANNA" failures="0" tests="1" name="Book_Store_Application.Delete_All_Books" time="63.517" errors="0" timestamp="2024-08-29T18:53:05 IST" skipped="0">
  <testcase classname="Book_Store_Application.Delete_All_Books" name="registrationLoginAndGoToBookStoreTest" time="63.517"/>
</testsuite> <!-- Book_Store_Application.Delete_All_Books -->
