<?xml version="1.0" encoding="UTF-8"?>
<!-- Generated by org.testng.reporters.JUnitReportReporter -->
<testsuite hostname="RK-PRASANNA" failures="0" tests="1" name="Widgets.Auto_Complete" time="2.832" errors="0" timestamp="2024-08-26T19:02:00 IST" skipped="0">
  <testcase classname="Widgets.Auto_Complete" name="testAutoComplete" time="2.832"/>
</testsuite> <!-- Widgets.Auto_Complete -->
