<?xml version="1.0" encoding="UTF-8"?>
<!-- Generated by org.testng.reporters.JUnitReportReporter -->
<testsuite hostname="RK-PRASANNA" failures="0" tests="1" name="Alerts_Frames_Windows_Package.Frames" time="9.821" errors="0" timestamp="2024-08-24T17:57:18 IST" skipped="0">
  <testcase classname="Alerts_Frames_Windows_Package.Frames" name="testFrames" time="9.821"/>
</testsuite> <!-- Alerts_Frames_Windows_Package.Frames -->
