<?xml version="1.0" encoding="UTF-8"?>
<!-- Generated by org.testng.reporters.JUnitReportReporter -->
<testsuite hostname="RK-PRASANNA" failures="0" tests="1" name="TestPackage.Elements_Buttons" time="176.142" errors="0" timestamp="2024-08-22T11:20:06 IST" skipped="0">
  <testcase classname="TestPackage.Elements_Buttons" name="TestButtonActions" time="176.142"/>
</testsuite> <!-- TestPackage.Elements_Buttons -->
