<?xml version="1.0" encoding="UTF-8"?>
<!-- Generated by org.testng.reporters.JUnitReportReporter -->
<testsuite hostname="RK-PRASANNA" failures="0" tests="1" name="Widgets.Slider" time="1.230" errors="0" timestamp="2024-08-27T16:16:46 IST" skipped="0">
  <testcase classname="Widgets.Slider" name="sliderTest" time="1.230"/>
</testsuite> <!-- Widgets.Slider -->
