<?xml version="1.0" encoding="UTF-8"?>
<!-- Generated by org.testng.reporters.JUnitReportReporter -->
<testsuite hostname="RK-PRASANNA" failures="0" tests="3" name="Interactions.Sortable" time="1.756" errors="0" timestamp="2024-08-30T09:56:28 IST" skipped="0">
  <testcase classname="Interactions.Sortable" name="testSortableList" time="0.743"/>
  <testcase classname="Interactions.Sortable" name="sortableTest" time="0.279"/>
  <testcase classname="Interactions.Sortable" name="testSortableGrid" time="0.734"/>
</testsuite> <!-- Interactions.Sortable -->
