<?xml version="1.0" encoding="UTF-8"?>
<!-- Generated by org.testng.reporters.JUnitReportReporter -->
<testsuite hostname="RK-PRASANNA" failures="0" tests="1" name="TestPackage.TestClass" time="29.898" errors="0" timestamp="2024-08-21T15:53:37 IST" skipped="0">
  <testcase classname="TestPackage.TestClass" name="TestLinksActions" time="29.898"/>
</testsuite> <!-- TestPackage.TestClass -->
