<?xml version="1.0" encoding="UTF-8"?>
<!-- Generated by org.testng.reporters.JUnitReportReporter -->
<testsuite hostname="RK-PRASANNA" failures="0" tests="1" name="TestPackage.Elements_Web_tables" time="15.896" errors="0" timestamp="2024-08-22T14:21:39 IST" skipped="0">
  <testcase classname="TestPackage.Elements_Web_tables" name="TestWebTableActions" time="15.896"/>
</testsuite> <!-- TestPackage.Elements_Web_tables -->
