<?xml version="1.0" encoding="UTF-8"?>
<!-- Generated by org.testng.reporters.JUnitReportReporter -->
<testsuite hostname="RK-PRASANNA" failures="0" tests="1" name="Alerts_Frames_Windows_Package.Modal_Dialogs" time="7.081" errors="0" timestamp="2024-08-24T18:35:34 IST" skipped="0">
  <testcase classname="Alerts_Frames_Windows_Package.Modal_Dialogs" name="testSmallModal" time="7.081"/>
</testsuite> <!-- Alerts_Frames_Windows_Package.Modal_Dialogs -->
