<?xml version="1.0" encoding="UTF-8"?>
<!-- Generated by org.testng.reporters.JUnitReportReporter -->
<testsuite hostname="RK-PRASANNA" failures="0" tests="1" name="Widgets.Menus" time="7.964" errors="0" timestamp="2024-08-27T11:10:21 IST" skipped="0">
  <testcase classname="Widgets.Menus" name="menuTest" time="7.964"/>
</testsuite> <!-- Widgets.Menus -->
