<?xml version="1.0" encoding="UTF-8"?>
<!-- Generated by org.testng.reporters.JUnitReportReporter -->
<testsuite hostname="RK-PRASANNA" failures="0" tests="1" name="TestPackage.Elements_Dynamic_properties" time="6.571" errors="0" timestamp="2024-08-22T14:35:55 IST" skipped="0">
  <testcase classname="TestPackage.Elements_Dynamic_properties" name="testDynamicProperties" time="6.571"/>
</testsuite> <!-- TestPackage.Elements_Dynamic_properties -->
