<?xml version="1.0" encoding="UTF-8"?>
<!-- Generated by org.testng.reporters.JUnitReportReporter -->
<testsuite hostname="RK-PRASANNA" failures="0" tests="1" name="Widgets.Select_Menu" time="1.354" errors="0" timestamp="2024-08-29T15:14:31 IST" skipped="0">
  <testcase classname="Widgets.Select_Menu" name="selectMenuTest" time="1.354"/>
</testsuite> <!-- Widgets.Select_Menu -->
