<?xml version="1.0" encoding="UTF-8"?>
<!-- Generated by org.testng.reporters.JUnitReportReporter -->
<testsuite hostname="RK-PRASANNA" failures="0" tests="1" name="Alerts_Frames_Windows_Package.Alerts" time="40.614" errors="0" timestamp="2024-08-24T17:15:57 IST" skipped="0">
  <testcase classname="Alerts_Frames_Windows_Package.Alerts" name="testAlerts" time="40.614"/>
</testsuite> <!-- Alerts_Frames_Windows_Package.Alerts -->
