<?xml version="1.0" encoding="UTF-8"?>
<!-- Generated by org.testng.reporters.JUnitReportReporter -->
<testsuite hostname="RK-PRASANNA" failures="0" tests="1" name="Interactions.Resizable" time="29.995" errors="0" timestamp="2024-08-30T10:05:15 IST" skipped="0">
  <testcase classname="Interactions.Resizable" name="resizableTest" time="29.995"/>
</testsuite> <!-- Interactions.Resizable -->
