<?xml version="1.0" encoding="UTF-8"?>
<!-- Generated by org.testng.reporters.JUnitReportReporter -->
<testsuite hostname="RK-PRASANNA" failures="0" tests="1" name="TestClass" time="0.009" errors="0" timestamp="2024-08-14T13:07:15 IST" skipped="0">
  <testcase classname="TestClass" name="Test" time="0.009"/>
</testsuite> <!-- TestClass -->
