<?xml version="1.0" encoding="UTF-8"?>
<!-- Generated by org.testng.reporters.JUnitReportReporter -->
<testsuite hostname="RK-PRASANNA" failures="0" tests="1" name="TestPackage.Elements_Links" time="90.304" errors="0" timestamp="2024-08-22T11:14:14 IST" skipped="0">
  <testcase classname="TestPackage.Elements_Links" name="TestLinksActions" time="90.304"/>
</testsuite> <!-- TestPackage.Elements_Links -->
