<?xml version="1.0" encoding="UTF-8"?>
<!-- Generated by org.testng.reporters.JUnitReportReporter -->
<testsuite hostname="RK-PRASANNA" failures="0" tests="1" name="TestPackage.Elements_Text_Box" time="125.973" errors="0" timestamp="2024-08-22T11:12:25 IST" skipped="0">
  <testcase classname="TestPackage.Elements_Text_Box" name="TestDemoQA" time="125.973"/>
</testsuite> <!-- TestPackage.Elements_Text_Box -->
