<?xml version="1.0" encoding="UTF-8"?>
<!-- Generated by org.testng.reporters.JUnitReportReporter -->
<testsuite hostname="RK-PRASANNA" failures="0" tests="1" name="Alerts_Frames_Windows_Package.Browser_Windows_Class" time="32.196" errors="0" timestamp="2024-08-24T16:59:03 IST" skipped="0">
  <testcase classname="Alerts_Frames_Windows_Package.Browser_Windows_Class" name="testBrowserWindows" time="32.196"/>
</testsuite> <!-- Alerts_Frames_Windows_Package.Browser_Windows_Class -->
