<?xml version="1.0" encoding="UTF-8"?>
<!-- Generated by org.testng.reporters.JUnitReportReporter -->
<testsuite hostname="RK-PRASANNA" failures="0" tests="1" name="Widgets.Progress_Bar" time="9.358" errors="0" timestamp="2024-08-27T09:26:08 IST" skipped="0">
  <testcase classname="Widgets.Progress_Bar" name="progressBarTest" time="9.358"/>
</testsuite> <!-- Widgets.Progress_Bar -->
