<?xml version="1.0" encoding="UTF-8"?>
<!-- Generated by org.testng.reporters.JUnitReportReporter -->
<testsuite hostname="RK-PRASANNA" failures="0" tests="1" name="Book_Store_Application.Delete_Account" time="50.767" errors="0" timestamp="2024-08-29T18:31:34 IST" skipped="0">
  <testcase classname="Book_Store_Application.Delete_Account" name="registrationLoginAndDeleteAccountTest" time="50.767"/>
</testsuite> <!-- Book_Store_Application.Delete_Account -->
