<?xml version="1.0" encoding="UTF-8"?>
<!-- Generated by org.testng.reporters.JUnitReportReporter -->
<testsuite hostname="RK-PRASANNA" failures="0" tests="1" name="Interactions.Draggable" time="31.191" errors="0" timestamp="2024-08-30T13:25:56 IST" skipped="0">
  <testcase classname="Interactions.Draggable" name="testDragElement" time="31.191"/>
</testsuite> <!-- Interactions.Draggable -->
