<?xml version="1.0" encoding="UTF-8"?>
<!-- Generated by org.testng.reporters.JUnitReportReporter -->
<testsuite hostname="RK-PRASANNA" failures="0" tests="1" name="Book_Store_Application.Registration_page" time="49.095" errors="0" timestamp="2024-08-27T18:31:23 IST" skipped="0">
  <testcase classname="Book_Store_Application.Registration_page" name="registrationAndLoginTest" time="49.095"/>
</testsuite> <!-- Book_Store_Application.Registration_page -->
