<?xml version="1.0" encoding="UTF-8"?>
<!-- Generated by org.testng.reporters.JUnitReportReporter -->
<testsuite hostname="RK-PRASANNA" failures="0" tests="1" name="Widgets.Tool_Tips" time="9.512" errors="0" timestamp="2024-08-27T16:17:55 IST" skipped="0">
  <testcase classname="Widgets.Tool_Tips" name="toolTipsTest" time="9.512"/>
</testsuite> <!-- Widgets.Tool_Tips -->
