<?xml version="1.0" encoding="UTF-8"?>
<!-- Generated by org.testng.reporters.JUnitReportReporter -->
<testsuite hostname="RK-PRASANNA" failures="0" tests="1" name="Interactions.Selectable" time="10.223" errors="0" timestamp="2024-08-30T09:58:56 IST" skipped="0">
  <testcase classname="Interactions.Selectable" name="selectableTest" time="10.223"/>
</testsuite> <!-- Interactions.Selectable -->
