<?xml version="1.0" encoding="UTF-8"?>
<!-- Generated by org.testng.reporters.JUnitReportReporter -->
<testsuite hostname="RK-PRASANNA" failures="0" tests="1" name="Widgets.Tabs" time="1.031" errors="0" timestamp="2024-08-27T10:17:14 IST" skipped="0">
  <testcase classname="Widgets.Tabs" name="tabsTest" time="1.031"/>
</testsuite> <!-- Widgets.Tabs -->
