<?xml version="1.0" encoding="UTF-8"?>
<!-- Generated by org.testng.reporters.JUnitReportReporter -->
<testsuite hostname="RK-PRASANNA" failures="0" tests="1" name="Widgets.Accordion" time="37.719" errors="0" timestamp="2024-08-25T11:38:28 IST" skipped="0">
  <testcase classname="Widgets.Accordion" name="testAccordionOptions" time="37.719"/>
</testsuite> <!-- Widgets.Accordion -->
