<?xml version="1.0" encoding="UTF-8"?>
<!-- Generated by org.testng.reporters.JUnitReportReporter -->
<testsuite hostname="RK-PRASANNA" failures="0" tests="1" name="Alerts_Frames_Windows_Package.Nested_Frames" time="6.458" errors="0" timestamp="2024-08-24T18:27:58 IST" skipped="0">
  <testcase classname="Alerts_Frames_Windows_Package.Nested_Frames" name="testFrames" time="6.458"/>
</testsuite> <!-- Alerts_Frames_Windows_Package.Nested_Frames -->
