<?xml version="1.0" encoding="UTF-8"?>
<!-- Generated by org.testng.reporters.JUnitReportReporter -->
<testsuite hostname="RK-PRASANNA" failures="0" tests="1" name="Widgets.Date_Picker" time="1.786" errors="0" timestamp="2024-08-26T20:09:38 IST" skipped="0">
  <testcase classname="Widgets.Date_Picker" name="testDatePicker" time="1.786"/>
</testsuite> <!-- Widgets.Date_Picker -->
