<?xml version="1.0" encoding="UTF-8"?>
<!-- Generated by org.testng.reporters.JUnitReportReporter -->
<testsuite hostname="RK-PRASANNA" failures="0" tests="1" name="Forms_Package.Forms1" time="15.746" errors="0" timestamp="2024-08-24T16:28:45 IST" skipped="0">
  <testcase classname="Forms_Package.Forms1" name="testNavigateAndSubmitPracticeForm" time="15.746"/>
</testsuite> <!-- Forms_Package.Forms1 -->
