<?xml version="1.0" encoding="UTF-8"?>
<!-- Generated by org.testng.reporters.JUnitReportReporter -->
<testsuite hostname="RK-PRASANNA" failures="0" tests="1" name="TestPackage.Elements_Checkbox" time="105.625" errors="0" timestamp="2024-08-22T11:16:56 IST" skipped="0">
  <testcase classname="TestPackage.Elements_Checkbox" name="TestCheckboxNavigation" time="105.625"/>
</testsuite> <!-- TestPackage.Elements_Checkbox -->
